This file contains any messages produced by compilers while
running configure, to aid debugging if configure makes a mistake.

It was created by pseudoDopplerSim configure 1.0.0, which was
generated by GNU Autoconf 2.63.  Invocation command line was

  $ ./configure 

## --------- ##
## Platform. ##
## --------- ##

hostname = jim-hp
uname -m = x86_64
uname -r = 2.6.32-431.el6.x86_64
uname -s = Linux
uname -v = #1 SMP Fri Nov 22 03:15:09 UTC 2013

/usr/bin/uname -p = unknown
/bin/uname -X     = unknown

/bin/arch              = x86_64
/usr/bin/arch -k       = unknown
/usr/convex/getsysinfo = unknown
/usr/bin/hostinfo      = unknown
/bin/machine           = unknown
/usr/bin/oslevel       = unknown
/bin/universe          = unknown

PATH: /usr/lib/jvm/java/bin
PATH: /usr/local/redhawk/core/bin
PATH: /usr/lib64/qt-3.3/bin
PATH: /usr/local/bin
PATH: /usr/bin
PATH: /bin
PATH: /usr/local/sbin
PATH: /usr/sbin
PATH: /sbin
PATH: /home/jmccloskey/bin


## ----------- ##
## Core tests. ##
## ----------- ##

configure:1912: checking for a BSD-compatible install
configure:1980: result: /usr/bin/install -c
configure:1991: checking whether build environment is sane
configure:2051: result: yes
configure:2192: checking for a thread-safe mkdir -p
configure:2231: result: /bin/mkdir -p
configure:2244: checking for gawk
configure:2260: found /usr/bin/gawk
configure:2271: result: gawk
configure:2282: checking whether make sets $(MAKE)
configure:2304: result: yes
configure:2435: checking for gcc
configure:2451: found /usr/bin/gcc
configure:2462: result: gcc
configure:2694: checking for C compiler version
configure:2702: gcc --version >&5
gcc (GCC) 4.4.7 20120313 (Red Hat 4.4.7-4)
Copyright (C) 2010 Free Software Foundation, Inc.
This is free software; see the source for copying conditions.  There is NO
warranty; not even for MERCHANTABILITY or FITNESS FOR A PARTICULAR PURPOSE.

configure:2706: $? = 0
configure:2713: gcc -v >&5
Using built-in specs.
Target: x86_64-redhat-linux
Configured with: ../configure --prefix=/usr --mandir=/usr/share/man --infodir=/usr/share/info --with-bugurl=http://bugzilla.redhat.com/bugzilla --enable-bootstrap --enable-shared --enable-threads=posix --enable-checking=release --with-system-zlib --enable-__cxa_atexit --disable-libunwind-exceptions --enable-gnu-unique-object --enable-languages=c,c++,objc,obj-c++,java,fortran,ada --enable-java-awt=gtk --disable-dssi --with-java-home=/usr/lib/jvm/java-1.5.0-gcj-1.5.0.0/jre --enable-libgcj-multifile --enable-java-maintainer-mode --with-ecj-jar=/usr/share/java/eclipse-ecj.jar --disable-libjava-multilib --with-ppl --with-cloog --with-tune=generic --with-arch_32=i686 --build=x86_64-redhat-linux
Thread model: posix
gcc version 4.4.7 20120313 (Red Hat 4.4.7-4) (GCC) 
configure:2717: $? = 0
configure:2724: gcc -V >&5
gcc: '-V' option must have argument
configure:2728: $? = 1
configure:2751: checking for C compiler default output file name
configure:2773: gcc    conftest.c  >&5
configure:2777: $? = 0
configure:2815: result: a.out
configure:2834: checking whether the C compiler works
configure:2844: ./a.out
configure:2848: $? = 0
configure:2867: result: yes
configure:2874: checking whether we are cross compiling
configure:2876: result: no
configure:2879: checking for suffix of executables
configure:2886: gcc -o conftest    conftest.c  >&5
configure:2890: $? = 0
configure:2916: result: 
configure:2922: checking for suffix of object files
configure:2948: gcc -c   conftest.c >&5
configure:2952: $? = 0
configure:2977: result: o
configure:2981: checking whether we are using the GNU C compiler
configure:3010: gcc -c   conftest.c >&5
configure:3017: $? = 0
configure:3034: result: yes
configure:3043: checking whether gcc accepts -g
configure:3073: gcc -c -g  conftest.c >&5
configure:3080: $? = 0
configure:3181: result: yes
configure:3198: checking for gcc option to accept ISO C89
configure:3272: gcc  -c -g -O2  conftest.c >&5
configure:3279: $? = 0
configure:3302: result: none needed
configure:3331: checking for style of include used by make
configure:3359: result: GNU
configure:3384: checking dependency style of gcc
configure:3494: result: gcc3
configure:3567: checking for g++
configure:3583: found /usr/bin/g++
configure:3594: result: g++
configure:3621: checking for C++ compiler version
configure:3629: g++ --version >&5
g++ (GCC) 4.4.7 20120313 (Red Hat 4.4.7-4)
Copyright (C) 2010 Free Software Foundation, Inc.
This is free software; see the source for copying conditions.  There is NO
warranty; not even for MERCHANTABILITY or FITNESS FOR A PARTICULAR PURPOSE.

configure:3633: $? = 0
configure:3640: g++ -v >&5
Using built-in specs.
Target: x86_64-redhat-linux
Configured with: ../configure --prefix=/usr --mandir=/usr/share/man --infodir=/usr/share/info --with-bugurl=http://bugzilla.redhat.com/bugzilla --enable-bootstrap --enable-shared --enable-threads=posix --enable-checking=release --with-system-zlib --enable-__cxa_atexit --disable-libunwind-exceptions --enable-gnu-unique-object --enable-languages=c,c++,objc,obj-c++,java,fortran,ada --enable-java-awt=gtk --disable-dssi --with-java-home=/usr/lib/jvm/java-1.5.0-gcj-1.5.0.0/jre --enable-libgcj-multifile --enable-java-maintainer-mode --with-ecj-jar=/usr/share/java/eclipse-ecj.jar --disable-libjava-multilib --with-ppl --with-cloog --with-tune=generic --with-arch_32=i686 --build=x86_64-redhat-linux
Thread model: posix
gcc version 4.4.7 20120313 (Red Hat 4.4.7-4) (GCC) 
configure:3644: $? = 0
configure:3651: g++ -V >&5
g++: '-V' option must have argument
configure:3655: $? = 1
configure:3658: checking whether we are using the GNU C++ compiler
configure:3687: g++ -c   conftest.cpp >&5
configure:3694: $? = 0
configure:3711: result: yes
configure:3720: checking whether g++ accepts -g
configure:3750: g++ -c -g  conftest.cpp >&5
configure:3757: $? = 0
configure:3858: result: yes
configure:3883: checking dependency style of g++
configure:3993: result: gcc3
configure:4022: checking for a BSD-compatible install
configure:4090: result: /usr/bin/install -c
configure:4151: checking for pkg-config
configure:4169: found /usr/bin/pkg-config
configure:4181: result: /usr/bin/pkg-config
configure:4206: checking pkg-config is at least version 0.9.0
configure:4209: result: yes
configure:4220: checking for omniORB4
configure:4226: $PKG_CONFIG --exists --print-errors "omniORB4 >= 4.0.0"
configure:4229: $? = 0
configure:4236: result: yes
configure:4280: checking for ossie home
configure:4305: result: /usr/local/redhawk/core
configure:4316: checking build system type
configure:4334: result: x86_64-unknown-linux-gnu
configure:4356: checking host system type
configure:4371: result: x86_64-unknown-linux-gnu
configure:4397: checking gr_libdir_suffix
configure:4418: result: 64
configure:4422: checking whether to append 64 to libdir
configure:4427: result: yes. Setting libdir to ${exec_prefix}/lib64
configure:4437: checking to see ossie is installed
configure:4442: result: /usr/local/redhawk/core
configure:4455: checking for sdr root
configure:4474: result: /var/redhawk/sdr
configure:4485: using /var/redhawk/sdr/ as installation prefix
configure:4495: checking for PROJECTDEPS
configure:4503: $PKG_CONFIG --exists --print-errors "ossie >= 1.9 omniORB4 >= 4.1.0"
configure:4506: $? = 0
configure:4521: $PKG_CONFIG --exists --print-errors "ossie >= 1.9 omniORB4 >= 4.1.0"
configure:4524: $? = 0
configure:4602: result: yes
configure:4608: checking for INTERFACEDEPS
configure:4616: $PKG_CONFIG --exists --print-errors "bulkio >= 1.0 bulkioInterfaces >= 1.9"
configure:4619: $? = 0
configure:4634: $PKG_CONFIG --exists --print-errors "bulkio >= 1.0 bulkioInterfaces >= 1.9"
configure:4637: $? = 0
configure:4715: result: yes
configure:4728: checking for LOG4CXX
configure:4736: $PKG_CONFIG --exists --print-errors "liblog4cxx >= 0.10.0"
configure:4739: $? = 0
configure:4754: $PKG_CONFIG --exists --print-errors "liblog4cxx >= 0.10.0"
configure:4757: $? = 0
configure:4835: result: yes
configure:4910: checking for boostlib >= 1.41
configure:4970: g++ -c -g -O2    -I/usr/include conftest.cpp >&5
configure:4977: $? = 0
configure:4983: result: yes
configure:5233: checking whether the Boost::Thread library is available
configure:5275: g++ -c -g -O2    -I/usr/include conftest.cpp >&5
configure:5282: $? = 0
configure:5305: result: yes
configure:5337: checking for exit in -lboost_thread-mt
configure:5372: gcc -o conftest -g -O2    -I/usr/include  -L/usr/lib64 conftest.c -lboost_thread-mt   -llog4cxx   >&5
conftest.c:21: warning: conflicting types for built-in function 'exit'
configure:5379: $? = 0
configure:5402: result: yes
configure:5766: creating ./config.status

## ---------------------- ##
## Running config.status. ##
## ---------------------- ##

This file was extended by pseudoDopplerSim config.status 1.0.0, which was
generated by GNU Autoconf 2.63.  Invocation command line was

  CONFIG_FILES    = 
  CONFIG_HEADERS  = 
  CONFIG_LINKS    = 
  CONFIG_COMMANDS = 
  $ ./config.status 

on jim-hp

config.status:720: creating Makefile
config.status:931: executing depfiles commands

## ---------------- ##
## Cache variables. ##
## ---------------- ##

ac_cv_build=x86_64-unknown-linux-gnu
ac_cv_c_compiler_gnu=yes
ac_cv_corba_omniorb4=yes
ac_cv_cxx_compiler_gnu=yes
ac_cv_env_CCC_set=
ac_cv_env_CCC_value=
ac_cv_env_CC_set=
ac_cv_env_CC_value=
ac_cv_env_CFLAGS_set=
ac_cv_env_CFLAGS_value=
ac_cv_env_CPPFLAGS_set=
ac_cv_env_CPPFLAGS_value=
ac_cv_env_CXXFLAGS_set=
ac_cv_env_CXXFLAGS_value=
ac_cv_env_CXX_set=
ac_cv_env_CXX_value=
ac_cv_env_INTERFACEDEPS_CFLAGS_set=
ac_cv_env_INTERFACEDEPS_CFLAGS_value=
ac_cv_env_INTERFACEDEPS_LIBS_set=
ac_cv_env_INTERFACEDEPS_LIBS_value=
ac_cv_env_LDFLAGS_set=
ac_cv_env_LDFLAGS_value=
ac_cv_env_LIBS_set=
ac_cv_env_LIBS_value=
ac_cv_env_LOG4CXX_CFLAGS_set=
ac_cv_env_LOG4CXX_CFLAGS_value=
ac_cv_env_LOG4CXX_LIBS_set=
ac_cv_env_LOG4CXX_LIBS_value=
ac_cv_env_PKG_CONFIG_set=
ac_cv_env_PKG_CONFIG_value=
ac_cv_env_PROJECTDEPS_CFLAGS_set=
ac_cv_env_PROJECTDEPS_CFLAGS_value=
ac_cv_env_PROJECTDEPS_LIBS_set=
ac_cv_env_PROJECTDEPS_LIBS_value=
ac_cv_env_build_alias_set=
ac_cv_env_build_alias_value=
ac_cv_env_host_alias_set=
ac_cv_env_host_alias_value=
ac_cv_env_target_alias_set=
ac_cv_env_target_alias_value=
ac_cv_host=x86_64-unknown-linux-gnu
ac_cv_lib_boost_thread_mt___exit=yes
ac_cv_objext=o
ac_cv_path_ac_pt_PKG_CONFIG=/usr/bin/pkg-config
ac_cv_path_install='/usr/bin/install -c'
ac_cv_path_mkdir=/bin/mkdir
ac_cv_prog_AWK=gawk
ac_cv_prog_ac_ct_CC=gcc
ac_cv_prog_ac_ct_CXX=g++
ac_cv_prog_cc_c89=
ac_cv_prog_cc_g=yes
ac_cv_prog_cxx_g=yes
ac_cv_prog_make_make_set=yes
am_cv_CC_dependencies_compiler_type=gcc3
am_cv_CXX_dependencies_compiler_type=gcc3
ax_cv_boost_thread=yes
ossie_cv_ossie_home=/usr/local/redhawk/core
ossie_cv_sdr_root=/var/redhawk/sdr
pkg_cv_INTERFACEDEPS_CFLAGS='-I/usr/local/redhawk/core/include/bulkio -I/usr/local/redhawk/core/include/ossie  '
pkg_cv_INTERFACEDEPS_LIBS='-L/usr/local/redhawk/core/lib64 -lbulkio-1.0 -lbulkioInterfaces  '
pkg_cv_LOG4CXX_CFLAGS=' '
pkg_cv_LOG4CXX_LIBS='-llog4cxx  '
pkg_cv_PROJECTDEPS_CFLAGS='-D__x86_64__ -D__linux__ -D__OSVERSION__=2 -DHAVE_LOG4CXX=1 -DENABLE_EVENTS=1 -I/usr/local/redhawk/core/include -I/usr/local/redhawk/core/include/ossie -I/usr/local/redhawk/core/share/idl  '
pkg_cv_PROJECTDEPS_LIBS='-L/usr/local/redhawk/core/lib64 -lossiecf -lossieidl -lCOS4 -lomniDynamic4 -llog4cxx -lomniORB4 -lomnithread  '

## ----------------- ##
## Output variables. ##
## ----------------- ##

ACLOCAL='${SHELL} /home/jmccloskey/RH1.9/eclipse/workspace/pseudoDopplerSim/cpp/missing --run aclocal-1.11'
AMDEPBACKSLASH='\'
AMDEP_FALSE='#'
AMDEP_TRUE=''
AMTAR='${SHELL} /home/jmccloskey/RH1.9/eclipse/workspace/pseudoDopplerSim/cpp/missing --run tar'
AUTOCONF='${SHELL} /home/jmccloskey/RH1.9/eclipse/workspace/pseudoDopplerSim/cpp/missing --run autoconf'
AUTOHEADER='${SHELL} /home/jmccloskey/RH1.9/eclipse/workspace/pseudoDopplerSim/cpp/missing --run autoheader'
AUTOMAKE='${SHELL} /home/jmccloskey/RH1.9/eclipse/workspace/pseudoDopplerSim/cpp/missing --run automake-1.11'
AWK='gawk'
BOOST_CPPFLAGS='-pthread -I/usr/include'
BOOST_LDFLAGS='-L/usr/lib64'
BOOST_THREAD_LIB='-lboost_thread-mt'
CC='gcc'
CCDEPMODE='depmode=gcc3'
CFLAGS='-g -O2'
CORBA_ORB='omniORB4'
CPPFLAGS='  '
CXX='g++'
CXXDEPMODE='depmode=gcc3'
CXXFLAGS='-g -O2'
CYGPATH_W='echo'
DEFS='-DPACKAGE_NAME=\"pseudoDopplerSim\" -DPACKAGE_TARNAME=\"pseudodopplersim\" -DPACKAGE_VERSION=\"1.0.0\" -DPACKAGE_STRING=\"pseudoDopplerSim\ 1.0.0\" -DPACKAGE_BUGREPORT=\"\" -DPACKAGE=\"pseudodopplersim\" -DVERSION=\"1.0.0\" -DHAVE_OMNIORB4=1 -DHAVE_LOG4CXX=1 -DHAVE_BOOST=1 -DHAVE_BOOST_THREAD=1'
DEPDIR='.deps'
ECHO_C=''
ECHO_N='-n'
ECHO_T=''
EXEEXT=''
HAVE_LOG4CXX='-DHAVE_LOG4CXX=1'
INSTALL_DATA='${INSTALL} -m 644'
INSTALL_PROGRAM='${INSTALL}'
INSTALL_SCRIPT='${INSTALL}'
INSTALL_STRIP_PROGRAM='$(install_sh) -c -s'
INTERFACEDEPS_CFLAGS='-I/usr/local/redhawk/core/include/bulkio -I/usr/local/redhawk/core/include/ossie  '
INTERFACEDEPS_LIBS='-L/usr/local/redhawk/core/lib64 -lbulkio-1.0 -lbulkioInterfaces  '
LDFLAGS=''
LIBOBJS=''
LIBS=' -llog4cxx  '
LOG4CXX_CFLAGS=' '
LOG4CXX_LIBS='-llog4cxx  '
LTLIBOBJS=''
MAKEINFO='${SHELL} /home/jmccloskey/RH1.9/eclipse/workspace/pseudoDopplerSim/cpp/missing --run makeinfo'
MKDIR_P='/bin/mkdir -p'
OBJEXT='o'
OSSIE_HOME='/usr/local/redhawk/core'
PACKAGE='pseudodopplersim'
PACKAGE_BUGREPORT=''
PACKAGE_NAME='pseudoDopplerSim'
PACKAGE_STRING='pseudoDopplerSim 1.0.0'
PACKAGE_TARNAME='pseudodopplersim'
PACKAGE_VERSION='1.0.0'
PATH_SEPARATOR=':'
PKG_CONFIG='/usr/bin/pkg-config'
PROJECTDEPS_CFLAGS='-D__x86_64__ -D__linux__ -D__OSVERSION__=2 -DHAVE_LOG4CXX=1 -DENABLE_EVENTS=1 -I/usr/local/redhawk/core/include -I/usr/local/redhawk/core/include/ossie -I/usr/local/redhawk/core/share/idl  '
PROJECTDEPS_LIBS='-L/usr/local/redhawk/core/lib64 -lossiecf -lossieidl -lCOS4 -lomniDynamic4 -llog4cxx -lomniORB4 -lomnithread  '
SDR_ROOT='/var/redhawk/sdr'
SET_MAKE=''
SHELL='/bin/sh'
STRIP=''
VERSION='1.0.0'
WITH_LOG4CXX='yes'
ac_ct_CC='gcc'
ac_ct_CXX='g++'
am__EXEEXT_FALSE=''
am__EXEEXT_TRUE='#'
am__fastdepCC_FALSE='#'
am__fastdepCC_TRUE=''
am__fastdepCXX_FALSE='#'
am__fastdepCXX_TRUE=''
am__include='include'
am__isrc=''
am__leading_dot='.'
am__quote=''
am__tar='${AMTAR} chof - "$$tardir"'
am__untar='${AMTAR} xf -'
bindir='${exec_prefix}/bin'
build='x86_64-unknown-linux-gnu'
build_alias=''
build_cpu='x86_64'
build_os='linux-gnu'
build_vendor='unknown'
datadir='${datarootdir}'
datarootdir='${prefix}/share'
docdir='${datarootdir}/doc/${PACKAGE_TARNAME}'
dvidir='${docdir}'
exec_prefix='${prefix}'
gr_libdir_suffix='64'
host='x86_64-unknown-linux-gnu'
host_alias=''
host_cpu='x86_64'
host_os='linux-gnu'
host_vendor='unknown'
htmldir='${docdir}'
includedir='${prefix}/include'
infodir='${datarootdir}/info'
install_sh='${SHELL} /home/jmccloskey/RH1.9/eclipse/workspace/pseudoDopplerSim/cpp/install-sh'
libdir='${exec_prefix}/lib64'
libexecdir='${exec_prefix}/libexec'
localedir='${datarootdir}/locale'
localstatedir='${prefix}/var'
mandir='${datarootdir}/man'
mkdir_p='/bin/mkdir -p'
oldincludedir='/usr/include'
pdfdir='${docdir}'
prefix='/var/redhawk/sdr/'
program_transform_name='s,x,x,'
psdir='${docdir}'
sbindir='${exec_prefix}/sbin'
sharedstatedir='${prefix}/com'
sysconfdir='${prefix}/etc'
target_alias=''

## ----------- ##
## confdefs.h. ##
## ----------- ##

#define PACKAGE_NAME "pseudoDopplerSim"
#define PACKAGE_TARNAME "pseudodopplersim"
#define PACKAGE_VERSION "1.0.0"
#define PACKAGE_STRING "pseudoDopplerSim 1.0.0"
#define PACKAGE_BUGREPORT ""
#define PACKAGE "pseudodopplersim"
#define VERSION "1.0.0"
#define HAVE_OMNIORB4 1
#define HAVE_LOG4CXX 1
#define HAVE_BOOST 1
#define HAVE_BOOST_THREAD 1

configure: exit 0
